<?xml version="1.0" encoding="UTF-8"?>
<!-- Generated by org.testng.reporters.JUnitReportReporter -->
<testsuite hostname="LAPTOP-V7EREVV8" failures="0" tests="7" name="swaglabstest.TestClass" time="11.712" errors="0" timestamp="2022-07-27T10:12:55 IST" skipped="0">
  <testcase classname="swaglabstest.TestClass" name="blankPassword" time="1.864"/>
  <system-out/>
  <testcase classname="swaglabstest.TestClass" name="verifyWebsiteURL" time="1.586"/>
  <system-out/>
  <testcase classname="swaglabstest.TestClass" name="verifyValidLogin" time="1.605"/>
  <system-out/>
  <testcase classname="swaglabstest.TestClass" name="blankUsername" time="2.121"/>
  <system-out/>
  <testcase classname="swaglabstest.TestClass" name="wrongUsername" time="1.484"/>
  <system-out/>
  <testcase classname="swaglabstest.TestClass" name="verifyInvalidLogin" time="1.533"/>
  <system-out/>
  <testcase classname="swaglabstest.TestClass" name="wrongPassword" time="1.519"/>
  <system-out/>
</testsuite> <!-- swaglabstest.TestClass -->
